<?xml version="1.0" encoding="UTF-8"?>
<!-- Generated by org.testng.reporters.JUnitXMLReporter -->
<testsuite ignored="0" hostname="Nirvi" failures="0" tests="2" name="Default test" time="19.346" errors="0" timestamp="2022-09-13T17:00:46 IST">
  <testcase classname="com.sgtesting.testngseleniumautomation.ActiTimeTestngSelenium" name="login" time="5.156"/>
  <testcase classname="com.sgtesting.testngseleniumautomation.ActiTimeTestngSelenium" name="logout" time="2.144"/>
</testsuite> <!-- Default test -->
