<?xml version="1.0" encoding="UTF-8"?>
<testng-results ignored="0" total="2" passed="2" failed="0" skipped="0">
  <reporter-output>
  </reporter-output>
  <suite started-at="2022-09-13T17:00:27 IST" name="Default suite" finished-at="2022-09-13T17:00:46 IST" duration-ms="19346">
    <groups>
    </groups>
    <test started-at="2022-09-13T17:00:27 IST" name="Default test" finished-at="2022-09-13T17:00:46 IST" duration-ms="19346">
      <class name="com.sgtesting.testngseleniumautomation.ActiTimeTestngSelenium">
        <test-method is-config="true" signature="LaunchBrowser()[pri:0, instance:com.sgtesting.testngseleniumautomation.ActiTimeTestngSelenium@5b03b9fe]" started-at="2022-09-13T17:00:27 IST" name="LaunchBrowser" finished-at="2022-09-13T17:00:34 IST" duration-ms="6711" status="PASS">
          <reporter-output>
          </reporter-output>
        </test-method> <!-- LaunchBrowser -->
        <test-method signature="login(java.lang.String,java.lang.String)[pri:1, instance:com.sgtesting.testngseleniumautomation.ActiTimeTestngSelenium@5b03b9fe]" started-at="2022-09-13T17:00:34 IST" name="login" data-provider="loginDetails" finished-at="2022-09-13T17:00:39 IST" duration-ms="5156" status="PASS">
          <params>
            <param index="0">
              <value>
                <![CDATA[admin]]>
              </value>
            </param>
            <param index="1">
              <value>
                <![CDATA[manager]]>
              </value>
            </param>
          </params>
          <reporter-output>
          </reporter-output>
        </test-method> <!-- login -->
        <test-method signature="logout()[pri:2, instance:com.sgtesting.testngseleniumautomation.ActiTimeTestngSelenium@5b03b9fe]" started-at="2022-09-13T17:00:39 IST" name="logout" finished-at="2022-09-13T17:00:41 IST" duration-ms="2144" status="PASS">
          <reporter-output>
          </reporter-output>
        </test-method> <!-- logout -->
        <test-method is-config="true" signature="CloseBrowser()[pri:0, instance:com.sgtesting.testngseleniumautomation.ActiTimeTestngSelenium@5b03b9fe]" started-at="2022-09-13T17:00:41 IST" name="CloseBrowser" finished-at="2022-09-13T17:00:46 IST" duration-ms="5269" status="PASS">
          <reporter-output>
          </reporter-output>
        </test-method> <!-- CloseBrowser -->
      </class> <!-- com.sgtesting.testngseleniumautomation.ActiTimeTestngSelenium -->
    </test> <!-- Default test -->
  </suite> <!-- Default suite -->
</testng-results>
